T-Spice - Tanner SPICE
Version 16.01
Network license
Product Release ID: T-Spice Win64 16.01.20130407.21:15:40
Copyright © 1988-2013 Tanner EDA

	Parsing "D:\Biblioteca\Documentos\Git\t1_cci\somador_4bits.sp"
	Including "D:\Biblioteca\Documentos\Git\t1_cci\NMOS_VTG.inc"
	Including "D:\Biblioteca\Documentos\Git\t1_cci\PMOS_VTG.inc"

Start of somador_4bits.sp
Loaded BSIM4v450 model library, Berkeley BSIM4 v4.5.0

	Opening simulation database "D:\Biblioteca\Documentos\Git\t1_cci\somador_4bits.tsim"

General options:
        threads = 2

 Device and node counts:
              MOSFETs -     141
    MOSFET geometries -       2
           Capacitors -       8
      Voltage sources -       2
          Subcircuits -       8
    Model Definitions -       2
      Computed Models -       2
    Independent nodes -     642
       Boundary nodes -       3
          Total nodes -     645

Measure information will be written to file "D:\Biblioteca\Documentos\Git\t1_cci\somador_4bits\somador_4bits.measure"

Measurement result summary
   pHL_s0          =    2.1347n      
   pLH_s0          =   -2.0666n      
   pHL_s1          =    2.1350n      
   pLH_s1          =   -2.0587n      
   pHL_s2          =       not found
   pLH_s2          =       not found
   pHL_s3          =    2.1982n      
   pLH_s3          =   -1.9811n      
   consumoCaso1_HL =  -13.2118u      
   consumoCaso1_LH =  -12.3909u      

Parsing                      0.00 seconds
Setup                        0.05 seconds
DC operating point           0.11 seconds
Transient Analysis           5.76 seconds
Overhead                     1.08 seconds
-----------------------------------------
Total                        6.99 seconds

Simulation completed